#
# A fatal error has been detected by the Java Runtime Environment:
#
#  EXCEPTION_ACCESS_VIOLATION (0xc0000005) at pc=0x000000006ab2b137, pid=3116, tid=4024
#
# JRE version: Java(TM) SE Runtime Environment (8.0_77-b03) (build 1.8.0_77-b03)
# Java VM: Java HotSpot(TM) 64-Bit Server VM (25.77-b03 mixed mode windows-amd64 compressed oops)
# Problematic frame:
# V  [jvm.dll+0x49b137]
#
# Failed to write core dump. Minidumps are not enabled by default on client versions of Windows
#
# If you would like to submit a bug report, please visit:
#   http://bugreport.java.com/bugreport/crash.jsp
#

---------------  T H R E A D  ---------------

Current thread (0x0000000054f9b000):  JavaThread "C2 CompilerThread0" daemon [_thread_in_native, id=4024, stack(0x0000000056100000,0x0000000056200000)]

siginfo: ExceptionCode=0xc0000005, reading address 0x0000000068ea0d38

Registers:
RAX=0x0000000000000000, RBX=0x00000000561fc100, RCX=0x00000000597391e0, RDX=0x0000000059cb4360
RSP=0x00000000561fbf70, RBP=0x00000000561fe900, RSI=0x0000000000000008, RDI=0x0000000000000040
R8 =0x0000000000000000, R9 =0x0000000000002205, R10=0x0000000000000002, R11=0x00000000561fbe90
R12=0x0000000068ea0d38, R13=0x0000000059cb4360, R14=0x000000006aea0d38, R15=0x0000000000000000
RIP=0x000000006ab2b137, EFLAGS=0x0000000000010246

Top of Stack: (sp=0x00000000561fbf70)
0x00000000561fbf70:   00000000561fc100 0000000000000016
0x00000000561fbf80:   0000000000000000 0000000059b73b98
0x00000000561fbf90:   000000005a16bab0 0000000000000000
0x00000000561fbfa0:   0000000000000002 000000006ab2731c
0x00000000561fbfb0:   00000000561fc0b0 00000000561fc580
0x00000000561fbfc0:   000000005a16bd70 0000000000000703
0x00000000561fbfd0:   0000000100000000 0000000000000002
0x00000000561fbfe0:   000000005a16bc50 0000000000000004
0x00000000561fbff0:   0000070300000001 00000000ffffffff
0x00000000561fc000:   0000000005055455 0000000000000000
0x00000000561fc010:   0000000000000000 0000000000000000
0x00000000561fc020:   0000000000000000 0000249900000000
0x00000000561fc030:   0303030300000008 0000000059737680
0x00000000561fc040:   0000000000000025 00000000597384a0
0x00000000561fc050:   0000000000000025 00000000561fc100
0x00000000561fc060:   0000000000000001 0000000000000002 

Instructions: (pc=0x000000006ab2b137)
0x000000006ab2b117:   8d e8 07 00 00 48 8b 01 48 89 85 e8 07 00 00 33
0x000000006ab2b127:   c0 48 89 01 48 89 41 08 48 89 41 10 48 89 41 18
0x000000006ab2b137:   41 8b 04 24 89 01 41 8b 44 24 04 89 41 04 41 8b
0x000000006ab2b147:   44 24 08 89 41 08 41 8b 44 24 0c 89 41 0c 41 8b 


Register to memory mapping:

RAX=0x0000000000000000 is an unknown value
RBX=0x00000000561fc100 is pointing into the stack for thread: 0x0000000054f9b000
RCX=0x00000000597391e0 is an unknown value
RDX=0x0000000059cb4360 is an unknown value
RSP=0x00000000561fbf70 is pointing into the stack for thread: 0x0000000054f9b000
RBP=0x00000000561fe900 is pointing into the stack for thread: 0x0000000054f9b000
RSI=0x0000000000000008 is an unknown value
RDI=0x0000000000000040 is an unknown value
R8 =0x0000000000000000 is an unknown value
R9 =0x0000000000002205 is an unknown value
R10=0x0000000000000002 is an unknown value
R11=0x00000000561fbe90 is pointing into the stack for thread: 0x0000000054f9b000
R12=0x0000000068ea0d38 is an unknown value
R13=0x0000000059cb4360 is an unknown value
R14=0x000000006aea0d38 is an unknown value
R15=0x0000000000000000 is an unknown value


Stack: [0x0000000056100000,0x0000000056200000],  sp=0x00000000561fbf70,  free space=1007k
Native frames: (J=compiled Java code, j=interpreted, Vv=VM code, C=native code)
V  [jvm.dll+0x49b137]
V  [jvm.dll+0x49731c]
V  [jvm.dll+0x462d3d]
V  [jvm.dll+0x46dd9b]
V  [jvm.dll+0x4703b2]
V  [jvm.dll+0x453492]
V  [jvm.dll+0xa4ae2]
V  [jvm.dll+0xa541f]
V  [jvm.dll+0x243434]
V  [jvm.dll+0x29a27a]
C  [msvcr100.dll+0x21d9f]
C  [msvcr100.dll+0x21e3b]
C  [kernel32.dll+0x1652d]
C  [ntdll.dll+0x2c521]


Current CompileTask:
C2:  17126 3159       4       groovy.lang.MetaClassImpl::addMetaMethodToIndex (65 bytes)


---------------  P R O C E S S  ---------------

Java Threads: ( => current thread )
  0x0000000059667800 JavaThread "File lock request listener" [_thread_in_native, id=2260, stack(0x000000005ba00000,0x000000005bb00000)]
  0x0000000057492000 JavaThread "Stdin handler" [_thread_blocked, id=3288, stack(0x0000000058e50000,0x0000000058f50000)]
  0x00000000574c2000 JavaThread "Daemon worker" [_thread_in_vm, id=644, stack(0x0000000058d50000,0x0000000058e50000)]
  0x00000000574c1000 JavaThread "Cancel handler" [_thread_blocked, id=1800, stack(0x0000000058b70000,0x0000000058c70000)]
  0x0000000057476000 JavaThread "Handler for socket connection from /127.0.0.1:50108 to /127.0.0.1:50109" [_thread_in_native, id=3372, stack(0x0000000058960000,0x0000000058a60000)]
  0x0000000057468800 JavaThread "Daemon" [_thread_blocked, id=3792, stack(0x0000000058710000,0x0000000058810000)]
  0x00000000573f4000 JavaThread "Incoming local TCP Connector on port 50108" [_thread_in_native, id=2672, stack(0x00000000582d0000,0x00000000583d0000)]
  0x00000000563e2800 JavaThread "Service Thread" daemon [_thread_blocked, id=1864, stack(0x00000000568f0000,0x00000000569f0000)]
  0x0000000054ff3800 JavaThread "C1 CompilerThread1" daemon [_thread_blocked, id=712, stack(0x00000000562e0000,0x00000000563e0000)]
=>0x0000000054f9b000 JavaThread "C2 CompilerThread0" daemon [_thread_in_native, id=4024, stack(0x0000000056100000,0x0000000056200000)]
  0x0000000054f97000 JavaThread "Attach Listener" daemon [_thread_blocked, id=1564, stack(0x0000000055ec0000,0x0000000055fc0000)]
  0x0000000054f95800 JavaThread "Signal Dispatcher" daemon [_thread_blocked, id=3364, stack(0x0000000055cd0000,0x0000000055dd0000)]
  0x0000000054f7f800 JavaThread "Finalizer" daemon [_thread_blocked, id=952, stack(0x00000000558b0000,0x00000000559b0000)]
  0x0000000054f36000 JavaThread "Reference Handler" daemon [_thread_blocked, id=3668, stack(0x0000000055b10000,0x0000000055c10000)]
  0x00000000022df000 JavaThread "main" [_thread_blocked, id=3892, stack(0x00000000024f0000,0x00000000025f0000)]

Other Threads:
  0x0000000054f2e000 VMThread [stack: 0x00000000559d0000,0x0000000055ad0000] [id=1904]
  0x0000000054ffd800 WatcherThread [stack: 0x00000000567e0000,0x00000000568e0000] [id=1820]

VM state:not at safepoint (normal execution)

VM Mutex/Monitor currently owned by a thread: None

Heap:
 PSYoungGen      total 88064K, used 20222K [0x00000000eab00000, 0x00000000f0c00000, 0x0000000100000000)
  eden space 81920K, 20% used [0x00000000eab00000,0x00000000ebb40a20,0x00000000efb00000)
  from space 6144K, 58% used [0x00000000f0600000,0x00000000f097efa8,0x00000000f0c00000)
  to   space 8704K, 0% used [0x00000000efb00000,0x00000000efb00000,0x00000000f0380000)
 ParOldGen       total 47104K, used 11536K [0x00000000c0000000, 0x00000000c2e00000, 0x00000000eab00000)
  object space 47104K, 24% used [0x00000000c0000000,0x00000000c0b44108,0x00000000c2e00000)
 Metaspace       used 28334K, capacity 28766K, committed 29056K, reserved 1075200K
  class space    used 3801K, capacity 3940K, committed 3968K, reserved 1048576K

Card table byte_map: [0x0000000011c80000,0x0000000011e90000] byte_map_base: 0x0000000011680000

Marking Bits: (ParMarkBitMap*) 0x000000006aea0600
 Begin Bits: [0x0000000012400000, 0x0000000013400000)
 End Bits:   [0x0000000013400000, 0x0000000014400000)

Polling page: 0x0000000000230000

CodeCache: size=245760Kb used=11273Kb max_used=11638Kb free=234486Kb
 bounds [0x00000000028c0000, 0x0000000003430000, 0x00000000118c0000]
 total_blobs=3679 nmethods=3048 adapters=545
 compilation: enabled

Compilation events (10 events):
Event: 17.015 Thread 0x0000000054ff3800 3201       3       java.util.concurrent.locks.ReentrantLock::tryLock (9 bytes)
Event: 17.016 Thread 0x0000000054ff3800 nmethod 3201 0x0000000002a31890 code [0x0000000002a31a00, 0x0000000002a31c28]
Event: 17.016 Thread 0x0000000054ff3800 3202       3       com.google.common.collect.MapMakerInternalMap$Segment::drainReferenceQueues (29 bytes)
Event: 17.017 Thread 0x0000000054ff3800 nmethod 3202 0x000000000341d350 code [0x000000000341d4e0, 0x000000000341d9b8]
Event: 17.017 Thread 0x0000000054ff3800 3203       3       com.google.common.collect.MapMakerInternalMap::usesKeyReferences (16 bytes)
Event: 17.017 Thread 0x0000000054ff3800 nmethod 3203 0x0000000002a77350 code [0x0000000002a774a0, 0x0000000002a77670]
Event: 17.017 Thread 0x0000000054ff3800 3204       3       com.google.common.collect.MapMakerInternalMap::usesValueReferences (16 bytes)
Event: 17.017 Thread 0x0000000054ff3800 nmethod 3204 0x000000000341db10 code [0x000000000341dc60, 0x000000000341de30]
Event: 17.017 Thread 0x0000000054ff3800 3205       3       com.google.common.collect.MapMakerInternalMap$Segment::drainValueReferenceQueue (43 bytes)
Event: 17.018 Thread 0x0000000054ff3800 nmethod 3205 0x000000000341ded0 code [0x000000000341e0c0, 0x000000000341eb58]

GC Heap History (10 events):
Event: 8.303 GC heap before
{Heap before GC invocations=5 (full 0):
 PSYoungGen      total 28160K, used 28144K [0x00000000eab00000, 0x00000000eca00000, 0x0000000100000000)
  eden space 24576K, 100% used [0x00000000eab00000,0x00000000ec300000,0x00000000ec300000)
  from space 3584K, 99% used [0x00000000ec680000,0x00000000ec9fc010,0x00000000eca00000)
  to   space 3584K, 0% used [0x00000000ec300000,0x00000000ec300000,0x00000000ec680000)
 ParOldGen       total 64512K, used 7895K [0x00000000c0000000, 0x00000000c3f00000, 0x00000000eab00000)
  object space 64512K, 12% used [0x00000000c0000000,0x00000000c07b5fe8,0x00000000c3f00000)
 Metaspace       used 20651K, capacity 20946K, committed 21120K, reserved 1067008K
  class space    used 2770K, capacity 2874K, committed 2944K, reserved 1048576K
Event: 8.321 GC heap after
Heap after GC invocations=5 (full 0):
 PSYoungGen      total 28160K, used 3552K [0x00000000eab00000, 0x00000000eed00000, 0x0000000100000000)
  eden space 24576K, 0% used [0x00000000eab00000,0x00000000eab00000,0x00000000ec300000)
  from space 3584K, 99% used [0x00000000ec300000,0x00000000ec678020,0x00000000ec680000)
  to   space 9216K, 0% used [0x00000000ee400000,0x00000000ee400000,0x00000000eed00000)
 ParOldGen       total 64512K, used 11456K [0x00000000c0000000, 0x00000000c3f00000, 0x00000000eab00000)
  object space 64512K, 17% used [0x00000000c0000000,0x00000000c0b30120,0x00000000c3f00000)
 Metaspace       used 20651K, capacity 20946K, committed 21120K, reserved 1067008K
  class space    used 2770K, capacity 2874K, committed 2944K, reserved 1048576K
}
Event: 8.558 GC heap before
{Heap before GC invocations=6 (full 0):
 PSYoungGen      total 28160K, used 9878K [0x00000000eab00000, 0x00000000eed00000, 0x0000000100000000)
  eden space 24576K, 25% used [0x00000000eab00000,0x00000000eb12da78,0x00000000ec300000)
  from space 3584K, 99% used [0x00000000ec300000,0x00000000ec678020,0x00000000ec680000)
  to   space 9216K, 0% used [0x00000000ee400000,0x00000000ee400000,0x00000000eed00000)
 ParOldGen       total 64512K, used 11456K [0x00000000c0000000, 0x00000000c3f00000, 0x00000000eab00000)
  object space 64512K, 17% used [0x00000000c0000000,0x00000000c0b30120,0x00000000c3f00000)
 Metaspace       used 20911K, capacity 21212K, committed 21296K, reserved 1067008K
  class space    used 2818K, capacity 2940K, committed 2944K, reserved 1048576K
Event: 8.627 GC heap after
Heap after GC invocations=6 (full 0):
 PSYoungGen      total 58368K, used 4160K [0x00000000eab00000, 0x00000000eed00000, 0x0000000100000000)
  eden space 49152K, 0% used [0x00000000eab00000,0x00000000eab00000,0x00000000edb00000)
  from space 9216K, 45% used [0x00000000ee400000,0x00000000ee810030,0x00000000eed00000)
  to   space 9216K, 0% used [0x00000000edb00000,0x00000000edb00000,0x00000000ee400000)
 ParOldGen       total 64512K, used 11456K [0x00000000c0000000, 0x00000000c3f00000, 0x00000000eab00000)
  object space 64512K, 17% used [0x00000000c0000000,0x00000000c0b30120,0x00000000c3f00000)
 Metaspace       used 20911K, capacity 21212K, committed 21296K, reserved 1067008K
  class space    used 2818K, capacity 2940K, committed 2944K, reserved 1048576K
}
Event: 8.627 GC heap before
{Heap before GC invocations=7 (full 1):
 PSYoungGen      total 58368K, used 4160K [0x00000000eab00000, 0x00000000eed00000, 0x0000000100000000)
  eden space 49152K, 0% used [0x00000000eab00000,0x00000000eab00000,0x00000000edb00000)
  from space 9216K, 45% used [0x00000000ee400000,0x00000000ee810030,0x00000000eed00000)
  to   space 9216K, 0% used [0x00000000edb00000,0x00000000edb00000,0x00000000ee400000)
 ParOldGen       total 64512K, used 11456K [0x00000000c0000000, 0x00000000c3f00000, 0x00000000eab00000)
  object space 64512K, 17% used [0x00000000c0000000,0x00000000c0b30120,0x00000000c3f00000)
 Metaspace       used 20911K, capacity 21212K, committed 21296K, reserved 1067008K
  class space    used 2818K, capacity 2940K, committed 2944K, reserved 1048576K
Event: 8.799 GC heap after
Heap after GC invocations=7 (full 1):
 PSYoungGen      total 58368K, used 0K [0x00000000eab00000, 0x00000000eed00000, 0x0000000100000000)
  eden space 49152K, 0% used [0x00000000eab00000,0x00000000eab00000,0x00000000edb00000)
  from space 9216K, 0% used [0x00000000ee400000,0x00000000ee400000,0x00000000eed00000)
  to   space 9216K, 0% used [0x00000000edb00000,0x00000000edb00000,0x00000000ee400000)
 ParOldGen       total 47104K, used 11520K [0x00000000c0000000, 0x00000000c2e00000, 0x00000000eab00000)
  object space 47104K, 24% used [0x00000000c0000000,0x00000000c0b40108,0x00000000c2e00000)
 Metaspace       used 20911K, capacity 21212K, committed 21296K, reserved 1067008K
  class space    used 2818K, capacity 2940K, committed 2944K, reserved 1048576K
}
Event: 12.080 GC heap before
{Heap before GC invocations=8 (full 1):
 PSYoungGen      total 58368K, used 49152K [0x00000000eab00000, 0x00000000eed00000, 0x0000000100000000)
  eden space 49152K, 100% used [0x00000000eab00000,0x00000000edb00000,0x00000000edb00000)
  from space 9216K, 0% used [0x00000000ee400000,0x00000000ee400000,0x00000000eed00000)
  to   space 9216K, 0% used [0x00000000edb00000,0x00000000edb00000,0x00000000ee400000)
 ParOldGen       total 47104K, used 11520K [0x00000000c0000000, 0x00000000c2e00000, 0x00000000eab00000)
  object space 47104K, 24% used [0x00000000c0000000,0x00000000c0b40108,0x00000000c2e00000)
 Metaspace       used 24598K, capacity 25054K, committed 25344K, reserved 1071104K
  class space    used 3425K, capacity 3535K, committed 3584K, reserved 1048576K
Event: 12.094 GC heap after
Heap after GC invocations=8 (full 1):
 PSYoungGen      total 58368K, used 5201K [0x00000000eab00000, 0x00000000f0e80000, 0x0000000100000000)
  eden space 49152K, 0% used [0x00000000eab00000,0x00000000eab00000,0x00000000edb00000)
  from space 9216K, 56% used [0x00000000edb00000,0x00000000ee0146e8,0x00000000ee400000)
  to   space 8704K, 0% used [0x00000000f0600000,0x00000000f0600000,0x00000000f0e80000)
 ParOldGen       total 47104K, used 11528K [0x00000000c0000000, 0x00000000c2e00000, 0x00000000eab00000)
  object space 47104K, 24% used [0x00000000c0000000,0x00000000c0b42108,0x00000000c2e00000)
 Metaspace       used 24598K, capacity 25054K, committed 25344K, reserved 1071104K
  class space    used 3425K, capacity 3535K, committed 3584K, reserved 1048576K
}
Event: 14.997 GC heap before
{Heap before GC invocations=9 (full 1):
 PSYoungGen      total 58368K, used 54353K [0x00000000eab00000, 0x00000000f0e80000, 0x0000000100000000)
  eden space 49152K, 100% used [0x00000000eab00000,0x00000000edb00000,0x00000000edb00000)
  from space 9216K, 56% used [0x00000000edb00000,0x00000000ee0146e8,0x00000000ee400000)
  to   space 8704K, 0% used [0x00000000f0600000,0x00000000f0600000,0x00000000f0e80000)
 ParOldGen       total 47104K, used 11528K [0x00000000c0000000, 0x00000000c2e00000, 0x00000000eab00000)
  object space 47104K, 24% used [0x00000000c0000000,0x00000000c0b42108,0x00000000c2e00000)
 Metaspace       used 26931K, capacity 27344K, committed 27648K, reserved 1073152K
  class space    used 3632K, capacity 3762K, committed 3840K, reserved 1048576K
Event: 15.017 GC heap after
Heap after GC invocations=9 (full 1):
 PSYoungGen      total 88064K, used 3579K [0x00000000eab00000, 0x00000000f0c00000, 0x0000000100000000)
  eden space 81920K, 0% used [0x00000000eab00000,0x00000000eab00000,0x00000000efb00000)
  from space 6144K, 58% used [0x00000000f0600000,0x00000000f097efa8,0x00000000f0c00000)
  to   space 8704K, 0% used [0x00000000efb00000,0x00000000efb00000,0x00000000f0380000)
 ParOldGen       total 47104K, used 11536K [0x00000000c0000000, 0x00000000c2e00000, 0x00000000eab00000)
  object space 47104K, 24% used [0x00000000c0000000,0x00000000c0b44108,0x00000000c2e00000)
 Metaspace       used 26931K, capacity 27344K, committed 27648K, reserved 1073152K
  class space    used 3632K, capacity 3762K, committed 3840K, reserved 1048576K
}

Deoptimization events (10 events):
Event: 14.392 Thread 0x00000000574c2000 Uncommon trap: reason=predicate action=maybe_recompile pc=0x00000000032f1bb0 method=sun.nio.cs.ISO_8859_1$Decoder.decodeArrayLoop(Ljava/nio/ByteBuffer;Ljava/nio/CharBuffer;)Ljava/nio/charset/CoderResult; @ 136
Event: 14.402 Thread 0x00000000574c2000 Uncommon trap: reason=unstable_if action=reinterpret pc=0x00000000032f56fc method=sun.nio.cs.ISO_8859_1$Decoder.decodeArrayLoop(Ljava/nio/ByteBuffer;Ljava/nio/CharBuffer;)Ljava/nio/charset/CoderResult; @ 146
Event: 14.430 Thread 0x00000000574c2000 Uncommon trap: reason=unstable_if action=reinterpret pc=0x00000000032f369c method=sun.nio.cs.ISO_8859_1$Decoder.decodeArrayLoop(Ljava/nio/ByteBuffer;Ljava/nio/CharBuffer;)Ljava/nio/charset/CoderResult; @ 146
Event: 14.801 Thread 0x00000000574c2000 Uncommon trap: reason=unstable_if action=reinterpret pc=0x00000000031c512c method=com.sun.org.apache.xerces.internal.impl.XMLEntityScanner.scanName()Ljava/lang/String; @ 69
Event: 14.892 Thread 0x00000000574c2000 Uncommon trap: reason=unstable_if action=reinterpret pc=0x00000000032bfff4 method=com.sun.org.apache.xerces.internal.impl.XMLDocumentFragmentScannerImpl$FragmentContentDriver.next()I @ 815
Event: 16.263 Thread 0x00000000574c2000 Uncommon trap: reason=unstable_if action=reinterpret pc=0x00000000033b3ea4 method=com.esotericsoftware.kryo.io.Output.writeString(Ljava/lang/CharSequence;)V @ 1
Event: 16.871 Thread 0x00000000574c2000 Uncommon trap: reason=bimorphic action=maybe_recompile pc=0x0000000002fc2b78 method=java.lang.ClassLoader.getPackage(Ljava/lang/String;)Ljava/lang/Package; @ 47
Event: 16.875 Thread 0x00000000574c2000 Uncommon trap: reason=bimorphic action=maybe_recompile pc=0x0000000002fc2b78 method=java.lang.ClassLoader.getPackage(Ljava/lang/String;)Ljava/lang/Package; @ 47
Event: 16.876 Thread 0x00000000574c2000 Uncommon trap: reason=bimorphic action=maybe_recompile pc=0x0000000002fc2b78 method=java.lang.ClassLoader.getPackage(Ljava/lang/String;)Ljava/lang/Package; @ 47
Event: 16.879 Thread 0x00000000574c2000 Uncommon trap: reason=bimorphic action=maybe_recompile pc=0x0000000002fc2b78 method=java.lang.ClassLoader.getPackage(Ljava/lang/String;)Ljava/lang/Package; @ 47

Internal exceptions (10 events):
Event: 16.964 Thread 0x00000000574c2000 Exception <a 'java/lang/ClassNotFoundException': com/android/build/gradle/AppPluginBeanInfo> (0x00000000eb671298) thrown at [D:\re\workspace\8-2-build-windows-amd64-cygwin\jdk8u77\6540\hotspot\src\share\vm\classfile\systemDictionary.cpp, line 210]
Event: 16.964 Thread 0x00000000574c2000 Exception <a 'java/lang/ClassNotFoundException': com/android/build/gradle/BasePluginBeanInfo> (0x00000000eb67eff0) thrown at [D:\re\workspace\8-2-build-windows-amd64-cygwin\jdk8u77\6540\hotspot\src\share\vm\classfile\systemDictionary.cpp, line 210]
Event: 16.968 Thread 0x00000000574c2000 Exception <a 'java/lang/ClassNotFoundException': com/android/build/gradle/BasePluginCustomizer> (0x00000000eb68d0e0) thrown at [D:\re\workspace\8-2-build-windows-amd64-cygwin\jdk8u77\6540\hotspot\src\share\vm\classfile\systemDictionary.cpp, line 210]
Event: 16.968 Thread 0x00000000574c2000 Exception <a 'java/lang/ClassNotFoundException': com/android/build/gradle/AppPluginCustomizer> (0x00000000eb69c470) thrown at [D:\re\workspace\8-2-build-windows-amd64-cygwin\jdk8u77\6540\hotspot\src\share\vm\classfile\systemDictionary.cpp, line 210]
Event: 16.981 Thread 0x00000000574c2000 Exception <a 'java/lang/ClassNotFoundException': org/gradle/api/internal/ExtensibleDynamicObject$1BeanInfo> (0x00000000eb720d10) thrown at [D:\re\workspace\8-2-build-windows-amd64-cygwin\jdk8u77\6540\hotspot\src\share\vm\classfile\systemDictionary.cpp, lin*Ôxbû0@
Event: 16.982 Thread 0x00000000574c2000 Exception <a 'java/lang/ClassNotFoundException': org/gradle/api/internal/AbstractDynamicObjectBeanInfo> (0x00000000eb745940) thrown at [D:\re\workspace\8-2-build-windows-amd64-cygwin\jdk8u77\6540\hotspot\src\share\vm\classfile\systemDictionary.cpp, line 21m•ð’û0@
Event: 16.983 Thread 0x00000000574c2000 Exception <a 'java/lang/ClassNotFoundException': org/gradle/api/internal/AbstractDynamicObjectCustomizer> (0x00000000eb76adf8) thrown at [D:\re\workspace\8-2-build-windows-amd64-cygwin\jdk8u77\6540\hotspot\src\share\vm\classfile\systemDictionary.cpp, line :Bb\ìû0@
Event: 16.984 Thread 0x00000000574c2000 Exception <a 'java/lang/ClassNotFoundException': org/gradle/api/internal/ExtensibleDynamicObject$1Customizer> (0x00000000eb79a778) thrown at [D:\re\workspace\8-2-build-windows-amd64-cygwin\jdk8u77\6540\hotspot\src\share\vm\classfile\systemDictionary.cpp, lÞìëëÚü0@
Event: 16.988 Thread 0x00000000574c2000 Exception <a 'java/lang/ClassNotFoundException': org/gradle/api/internal/DynamicObjectBeanInfo> (0x00000000eb7d8930) thrown at [D:\re\workspace\8-2-build-windows-amd64-cygwin\jdk8u77\6540\hotspot\src\share\vm\classfile\systemDictionary.cpp, line 210]
Event: 16.989 Thread 0x00000000574c2000 Exception <a 'java/lang/ClassNotFoundException': org/gradle/api/internal/DynamicObjectCustomizer> (0x00000000eb7fa7d8) thrown at [D:\re\workspace\8-2-build-windows-amd64-cygwin\jdk8u77\6540\hotspot\src\share\vm\classfile\systemDictionary.cpp, line 210]

Events (10 events):
Event: 17.031 loading class javax/management/NotificationEmitter done
Event: 17.031 loading class sun/management/NotificationEmitterSupport done
Event: 17.031 loading class sun/management/MemoryImpl done
Event: 17.031 loading class java/lang/management/MemoryManagerMXBean
Event: 17.031 loading class java/lang/management/MemoryManagerMXBean done
Event: 17.031 loading class sun/management/ManagementFactory
Event: 17.031 loading class sun/management/ManagementFactory done
Event: 17.031 loading class sun/management/MemoryManagerImpl
Event: 17.031 loading class sun/management/MemoryManagerImpl done
Event: 17.031 loading class sun/management/GarbageCollectorImpl


Dynamic libraries:
0x000000013fa60000 - 0x000000013fa97000 	C:\Program Files\Java\jdk1.8.0_77\bin\java.exe
0x0000000077bb0000 - 0x0000000077d59000 	C:\Windows\SYSTEM32\ntdll.dll
0x0000000077a90000 - 0x0000000077baf000 	C:\Windows\system32\kernel32.dll
0x000007fefde60000 - 0x000007fefdecb000 	C:\Windows\system32\KERNELBASE.dll
0x000007feff620000 - 0x000007feff6fb000 	C:\Windows\system32\ADVAPI32.dll
0x000007fefe350000 - 0x000007fefe3ef000 	C:\Windows\system32\msvcrt.dll
0x000007fefe470000 - 0x000007fefe48f000 	C:\Windows\SYSTEM32\sechost.dll
0x000007fefe010000 - 0x000007fefe13d000 	C:\Windows\system32\RPCRT4.dll
0x0000000077990000 - 0x0000000077a8a000 	C:\Windows\system32\USER32.dll
0x000007fefe160000 - 0x000007fefe1c7000 	C:\Windows\system32\GDI32.dll
0x000007fefe000000 - 0x000007fefe00e000 	C:\Windows\system32\LPK.dll
0x000007fefe570000 - 0x000007fefe639000 	C:\Windows\system32\USP10.dll
0x000007fefc420000 - 0x000007fefc614000 	C:\Windows\WinSxS\amd64_microsoft.windows.common-controls_6595b64144ccf1df_6.0.7601.17514_none_fa396087175ac9ac\COMCTL32.dll
0x000007fefe3f0000 - 0x000007fefe461000 	C:\Windows\system32\SHLWAPI.dll
0x000007fefe740000 - 0x000007fefe76e000 	C:\Windows\system32\IMM32.DLL
0x000007feffb50000 - 0x000007feffc59000 	C:\Windows\system32\MSCTF.dll
0x000000005f3f0000 - 0x000000005f4c2000 	C:\Program Files\Java\jdk1.8.0_77\jre\bin\msvcr100.dll
0x000000006a690000 - 0x000000006af20000 	C:\Program Files\Java\jdk1.8.0_77\jre\bin\server\jvm.dll
0x000007fef3040000 - 0x000007fef3049000 	C:\Windows\system32\WSOCK32.dll
0x000007feffb00000 - 0x000007feffb4d000 	C:\Windows\system32\WS2_32.dll
0x000007feffaf0000 - 0x000007feffaf8000 	C:\Windows\system32\NSI.dll
0x000007fefb7a0000 - 0x000007fefb7db000 	C:\Windows\system32\WINMM.dll
0x000007fefcab0000 - 0x000007fefcabc000 	C:\Windows\system32\VERSION.dll
0x0000000077d80000 - 0x0000000077d87000 	C:\Windows\system32\PSAPI.DLL
0x0000000074c50000 - 0x0000000074c5f000 	C:\Program Files\Java\jdk1.8.0_77\jre\bin\verify.dll
0x0000000074c20000 - 0x0000000074c49000 	C:\Program Files\Java\jdk1.8.0_77\jre\bin\java.dll
0x0000000074560000 - 0x0000000074576000 	C:\Program Files\Java\jdk1.8.0_77\jre\bin\zip.dll
0x000007fefe810000 - 0x000007feff598000 	C:\Windows\system32\SHELL32.dll
0x000007feff700000 - 0x000007feff903000 	C:\Windows\system32\ole32.dll
0x000007fefdb00000 - 0x000007fefdb0f000 	C:\Windows\system32\profapi.dll
0x0000000073950000 - 0x000000007396a000 	C:\Program Files\Java\jdk1.8.0_77\jre\bin\net.dll
0x000007fefd330000 - 0x000007fefd385000 	C:\Windows\system32\mswsock.dll
0x000007fefd320000 - 0x000007fefd327000 	C:\Windows\System32\wship6.dll
0x0000000073930000 - 0x0000000073941000 	C:\Program Files\Java\jdk1.8.0_77\jre\bin\nio.dll
0x000007fef1a80000 - 0x000007fef1a92000 	C:\Users\welcome\.gradle\native\19\windows-amd64\native-platform.dll
0x000007fefb0d0000 - 0x000007fefb0f7000 	C:\Windows\system32\IPHLPAPI.DLL
0x000007fefb0c0000 - 0x000007fefb0cb000 	C:\Windows\system32\WINNSI.DLL
0x000007fefaf30000 - 0x000007fefaf41000 	C:\Windows\system32\dhcpcsvc6.DLL
0x000007fefaf10000 - 0x000007fefaf28000 	C:\Windows\system32\dhcpcsvc.DLL
0x000007fefd390000 - 0x000007fefd3a7000 	C:\Windows\system32\CRYPTSP.dll
0x000007fefd090000 - 0x000007fefd0d7000 	C:\Windows\system32\rsaenh.dll
0x000007fefcca0000 - 0x000007fefccbe000 	C:\Windows\system32\USERENV.dll
0x000007fefda30000 - 0x000007fefda3f000 	C:\Windows\system32\CRYPTBASE.dll
0x000007fefd9d0000 - 0x000007fefda27000 	C:\Windows\system32\apphelp.dll
0x0000000074c10000 - 0x0000000074c1d000 	C:\Program Files\Java\jdk1.8.0_77\jre\bin\management.dll
0x000007feee8c0000 - 0x000007feee9e5000 	C:\Windows\system32\dbghelp.dll

VM Arguments:
jvm_args: -XX:MaxPermSize=256m -XX:+HeapDumpOnOutOfMemoryError -Xmx1024m -Dfile.encoding=windows-1252 -Duser.country=US -Duser.language=en -Duser.variant 
java_command: org.gradle.launcher.daemon.bootstrap.GradleDaemon 2.10
java_class_path (initial): C:\Users\welcome\.gradle\wrapper\dists\gradle-2.10-all\a4w5fzrkeut1ox71xslb49gst\gradle-2.10\lib\gradle-launcher-2.10.jar
Launcher Type: SUN_STANDARD

Environment Variables:
PATH=C:\ProgramData\Oracle\Java\javapath;c:\Program Files\Java\jdk1.7.0_21\bin;C:\Program Files (x86)\Microsoft SQL Server\110\Tools\Binn\ManagementStudio\;C:\Program Files (x86)\Microsoft SQL Server\110\Tools\Binn\;C:\Program Files (x86)\Microsoft SQL Server\110\DTS\Binn\;C:\Program Files\Microsoft SQL Server\110\Tools\Binn\;C:\Program Files\Microsoft SQL Server\110\DTS\Binn\
USERNAME=welcome
OS=Windows_NT
PROCESSOR_IDENTIFIER=Intel64 Family 6 Model 23 Stepping 10, GenuineIntel



---------------  S Y S T E M  ---------------

OS: Windows 7 , 64 bit Build 7601 (6.1.7601.17514)

CPU:total 2 (2 cores per cpu, 1 threads per core) family 6 model 23 stepping 10, cmov, cx8, fxsr, mmx, sse, sse2, sse3, ssse3, tsc

Memory: 4k page, physical 6121076k(1558648k free), swap 12240308k(6620096k free)

vm_info: Java HotSpot(TM) 64-Bit Server VM (25.77-b03) for windows-amd64 JRE (1.8.0_77-b03), built on Mar 20 2016 22:01:33 by "java_re" with MS VC++ 10.0 (VS2010)

time: Wed Aug 24 16:54:30 2016
elapsed time: 17 seconds (0d 0h 0m 17s)

